09-10-2021 14:43:23 |   [ valkyrie : Kaiser's Bot Command Center ] technomancer#3628: $quote show lies
09-10-2021 14:49:27 |   [ valkyrie : Kaiser's Bot Command Center ] technomancer#3628: $radio
09-10-2021 14:53:50 |   [ valkyrie : Kaiser's Bot Command Center ] technomancer#3628: $syncradio
09-10-2021 14:55:04 |   [ valkyrie : Kaiser's Bot Command Center ] technomancer#3628: $syncradio
09-10-2021 14:55:27 |   [ valkyrie : Kaiser's Bot Command Center ] technomancer#3628: $syncradio
09-10-2021 14:57:14 |   [ valkyrie : Kaiser's Bot Command Center ] technomancer#3628: $syncradio
09-10-2021 15:31:42 |   [ valkyrie : Kaiser's Bot Command Center ] technomancer#3628: $radio prysm
09-10-2021 15:32:48 |   [ valkyrie : Kaiser's Bot Command Center ] technomancer#3628: $radio prysm
09-10-2021 15:33:08 |   [ valkyrie : Kaiser's Bot Command Center ] technomancer#3628: $radio prysm
09-10-2021 15:33:26 |   [ valkyrie : Kaiser's Bot Command Center ] technomancer#3628: $radio royaltrap
09-10-2021 15:35:08 |   [ valkyrie : Kaiser's Bot Command Center ] technomancer#3628: $radio royaltrap
09-10-2021 15:38:51 |   [ valkyrie : Kaiser's Bot Command Center ] technomancer#3628: $radio royaltrap
09-10-2021 15:38:53 |   [ shitposting : Deus Ex Community HQ ] ~KOJAK~#0402: https://cdn.discordapp.com/attachments/389480470678863883/885551686117117952/1631185137_gifs_11.gif
09-10-2021 15:39:33 |   [ valkyrie : Kaiser's Bot Command Center ] technomancer#3628: $radio royaltrap
09-10-2021 15:39:56 |   [ valkyrie : Kaiser's Bot Command Center ] technomancer#3628: $radio royaltrap
09-10-2021 15:40:55 |   [ valkyrie : Kaiser's Bot Command Center ] technomancer#3628: $radio royaltrap
09-10-2021 15:41:09 |   [ valkyrie : Kaiser's Bot Command Center ] technomancer#3628: $reload audio
09-10-2021 15:41:16 |   [ valkyrie : Kaiser's Bot Command Center ] technomancer#3628: $station royaltrap
09-10-2021 15:41:29 |   [ valkyrie : Kaiser's Bot Command Center ] technomancer#3628: $radio royaltrap
09-10-2021 15:43:08 |   [ valkyrie : Kaiser's Bot Command Center ] technomancer#3628: $radio royaltrap
09-10-2021 15:43:42 |   [ valkyrie : Kaiser's Bot Command Center ] technomancer#3628: $radio royaltrap
09-10-2021 15:44:08 |   [ valkyrie : Kaiser's Bot Command Center ] technomancer#3628: $radio royaltrap
09-10-2021 15:44:15 |   [ valkyrie : Kaiser's Bot Command Center ] technomancer#3628: $radio royaltrap
09-10-2021 15:49:02 |   [ general : Deus Ex Community HQ ] Shinigami#0996: Modernizing a movie? Okay but left everything else (fixing stuff is good though)
09-10-2021 15:49:06 |   [ valkyrie : Kaiser's Bot Command Center ] technomancer#3628: $radio royaltrap
09-10-2021 15:49:43 |   [ valkyrie : Kaiser's Bot Command Center ] technomancer#3628: $radio royaltrap
09-10-2021 15:49:53 |   [ valkyrie : Kaiser's Bot Command Center ] technomancer#3628: $radio royaltrap
09-10-2021 15:54:20 |   [ valkyrie : Kaiser's Bot Command Center ] technomancer#3628: $radio royaltrap
09-10-2021 15:55:49 |   [ valkyrie : Kaiser's Bot Command Center ] technomancer#3628: $radio royaltrap
09-10-2021 16:02:11 |   [ valkyrie : Kaiser's Bot Command Center ] technomancer#3628: $radio royaltrap
09-10-2021 16:02:25 |   [ valkyrie : Kaiser's Bot Command Center ] technomancer#3628: $radio royaltrap
09-10-2021 16:04:32 |   [ valkyrie : Kaiser's Bot Command Center ] technomancer#3628: $radio royaltrap
09-10-2021 16:05:37 |   [ valkyrie : Kaiser's Bot Command Center ] technomancer#3628: $radio royaltrap
09-10-2021 16:06:02 |   [ valkyrie : Kaiser's Bot Command Center ] technomancer#3628: $radio royaltrap
09-10-2021 16:06:09 |   [ valkyrie : Kaiser's Bot Command Center ] technomancer#3628: $radio royaltrap
09-10-2021 16:08:57 |   [ general : Deus Ex Community HQ ] ChocciCat#1623: It did but not as crazy as the dvd version. Skin tones were clearer originally.
09-10-2021 16:09:40 |   [ general : Deus Ex Community HQ ] ChocciCat#1623: Also HDR shit involved I think but that’s something I need to learn about more. HDR is still a bit confusing for me
09-10-2021 16:10:17 |   [ general : Deus Ex Community HQ ] ChocciCat#1623: HDR to SDR conversion might end up making odd results
09-10-2021 16:11:14 |   [ shitposting : Deus Ex Community HQ ] ChocciCat#1623: Lmao
09-10-2021 16:11:42 |   [ shitposting : Deus Ex Community HQ ] ChocciCat#1623: I kinda want one
09-10-2021 16:12:11 |   [ shitposting : Deus Ex Community HQ ] ChocciCat#1623: I have two monitors but one is just a shitty old monitor. I just use it for chat
09-10-2021 16:14:01 |   [ general : Deus Ex Community HQ ] ~KOJAK~#0402: Im not aware of updares to Blade Runner I know that it has like 3 alternate endings but usually every version is on a DVD
09-10-2021 16:17:29 |   [ general : Deus Ex Community HQ ] Shinigami#0996: Ye
09-10-2021 16:17:30 |   [ general : Deus Ex Community HQ ] Shinigami#0996: https://youtu.be/B3l1iUUq_fE
09-10-2021 16:17:34 |   [ general : Deus Ex Community HQ ] Shinigami#0996: This one is shit
09-10-2021 16:17:52 |   [ general : Deus Ex Community HQ ] Shinigami#0996: The environment just feels off
09-10-2021 16:18:15 |   [ general : Deus Ex Community HQ ] Shinigami#0996: Elevator ending is the best one ig
09-10-2021 16:18:22 |   [ general : Deus Ex Community HQ ] Shinigami#0996: Good open ending
09-10-2021 16:19:21 |   [ general : Deus Ex Community HQ ] Shinigami#0996: I remember watching the sequel at the cinema on fuckin school trip
09-10-2021 16:19:25 |   [ coop : Deus Ex Community HQ ] ~KOJAK~#0402: !list hx
09-10-2021 16:20:03 |   [ general : Deus Ex Community HQ ] Shinigami#0996: I don't recommend watching movies like that with two classes during a school trip
09-10-2021 16:20:44 |   [ coop : Deus Ex Community HQ ] ~KOJAK~#0402: Looks like it didnt work bro. Maybe it wasnt long enough
09-10-2021 16:21:11 |   [ general : Deus Ex Community HQ ] !𝑀𝓇𝓅𝑜𝓀𝑒!#5799: The theatrical version had voiceovers
09-10-2021 16:21:25 |   [ general : Deus Ex Community HQ ] !𝑀𝓇𝓅𝑜𝓀𝑒!#5799: Later releases cut them out
09-10-2021 16:21:39 |   [ valkyrie : Kaiser's Bot Command Center ] technomancer#3628: $radio royaltrap
09-10-2021 16:21:46 |   [ general : Deus Ex Community HQ ] Shinigami#0996: Oh ye monologues
09-10-2021 16:22:11 |   [ shitposting : Deus Ex Community HQ ] ~KOJAK~#0402: Streamers use 2 usually so they can have chat and plqy at the same time
09-10-2021 16:22:18 |   [ general : Deus Ex Community HQ ] ChocciCat#1623: Lol it’s footage from The Shining
09-10-2021 16:22:52 |   [ general : Deus Ex Community HQ ] Shinigami#0996: 
09-10-2021 16:22:54 |   [ general : Deus Ex Community HQ ] Shinigami#0996: Huh
09-10-2021 16:22:56 |   [ general : Deus Ex Community HQ ] ChocciCat#1623: I forgot why it was used
09-10-2021 16:24:16 |   [ valkyrie : Kaiser's Bot Command Center ] technomancer#3628: $radio royaltrap
09-10-2021 16:25:01 |   [ coop : Deus Ex Community HQ ] Knifeworld#1154: !list hx
09-10-2021 16:25:15 |   [ valkyrie : Kaiser's Bot Command Center ] technomancer#3628: $radio royaltrap
09-10-2021 16:27:24 |   [ shitposting : Deus Ex Community HQ ] Knifeworld#1154: Lmao looks like an ultrawide version of the monitor i got
09-10-2021 16:27:40 |   [ shitposting : Deus Ex Community HQ ] Knifeworld#1154: Ultra ultra wide at that
09-10-2021 16:28:00 |   [ shitposting : Deus Ex Community HQ ] Knifeworld#1154: Mines just 1080 it's all i need
09-10-2021 16:28:12 |   [ shitposting : Deus Ex Community HQ ] Knifeworld#1154: Don't get the 4k craze
09-10-2021 16:29:23 |   [ politics : Deus Ex Community HQ ] nekowaiidesu#9402: The difference is for anti vaxxer is they don’t trust the vaccine and say it was rushed etc
09-10-2021 16:29:24 |   [ valkyrie : Kaiser's Bot Command Center ] technomancer#3628: $radio meltdown
09-10-2021 16:29:40 |   [ valkyrie : Kaiser's Bot Command Center ] technomancer#3628: $radio meltdown
09-10-2021 16:29:43 |   [ politics : Deus Ex Community HQ ] nekowaiidesu#9402: Whereas ivermectin is a well known and long used antiviral anti parasitic “miracle drug”
09-10-2021 16:29:55 |   [ valkyrie : Kaiser's Bot Command Center ] technomancer#3628: $radio royaltrap
09-10-2021 16:30:10 |   [ valkyrie : Kaiser's Bot Command Center ] technomancer#3628: $radio meltdown
09-10-2021 16:31:27 |   [ valkyrie : Kaiser's Bot Command Center ] technomancer#3628: $radio royaltrap
09-10-2021 16:32:34 |   [ politics : Deus Ex Community HQ ] ~KOJAK~#0402: No there have been no double blind placebo controlled trials done for ivermectin
09-10-2021 16:32:54 |   [ politics : Deus Ex Community HQ ] ~KOJAK~#0402: There is no solid basis to assume it treats COVID
09-10-2021 16:32:57 |   [ general : Deus Ex Community HQ ] Blaze416#6138: <@!220132274744590336> if you like DX so much, have you considered playing Metal Gear Solid too?
09-10-2021 16:33:57 |   [ shitposting : Deus Ex Community HQ ] Blaze416#6138: i think 1080p is good but i'm interested on trying 4k
09-10-2021 16:34:11 |   [ shitposting : Deus Ex Community HQ ] Blaze416#6138: But what i'm really into is on higher refresh rate or lower input lag
09-10-2021 16:36:14 |   [ politics : Deus Ex Community HQ ] nekowaiidesu#9402: Not saying it’s effective for covid treatment, just that is has the advantage of being around for a while so the paranoid anti vaxxers trust it more
09-10-2021 16:37:32 |   [ politics : Deus Ex Community HQ ] nekowaiidesu#9402: But yeah honestly a lot of the memes I’ve seen are just about horses and people taking horse meds lol
09-10-2021 16:38:25 |   [ politics : Deus Ex Community HQ ] nekowaiidesu#9402: Which seems either disingenuous or just stupid.
09-10-2021 16:39:29 |   [ politics : Deus Ex Community HQ ] nekowaiidesu#9402: On one hand you have people who will deny the vaccine coz they’re stupid
09-10-2021 16:41:16 |   [ politics : Deus Ex Community HQ ] nekowaiidesu#9402: But ngl it seems like lots of people on the other side who took the vaccine shoot down everything that isn’t the vaccine coz they’re stupid
09-10-2021 16:41:21 |   [ politics : Deus Ex Community HQ ] nekowaiidesu#9402: When there is a middle ground here lol
09-10-2021 16:41:41 |   [ politics : Deus Ex Community HQ ] nekowaiidesu#9402: Vaccine is good. Possible treatments are also good and should be looked into.
09-11-2021 10:40:15 |   [ bot-spam : Deus Ex Community HQ ] technomancer#3628: !yt https://www.youtube.com/watch?v=VSCjWMajQnc
09-11-2021 10:40:24 |   [ bot-spam : Deus Ex Community HQ ] technomancer#3628: $yt https://www.youtube.com/watch?v=VSCjWMajQnc
09-11-2021 10:41:41 |   [ bot-spam : Deus Ex Community HQ ] technomancer#3628: !radio royaltrap
09-11-2021 10:41:47 |   [ bot-spam : Deus Ex Community HQ ] technomancer#3628: $radio royaltrap
09-11-2021 10:42:01 |   [ bot-spam : Deus Ex Community HQ ] technomancer#3628: $radio royaltrap
09-11-2021 10:44:03 |   [ valkyrie : Kaiser's Bot Command Center ] technomancer#3628: $radio royaltrap
09-11-2021 10:44:46 |   [ valkyrie : Kaiser's Bot Command Center ] technomancer#3628: $radio royaltrap
09-11-2021 10:45:10 |   [ valkyrie : Kaiser's Bot Command Center ] technomancer#3628: $yt https://www.youtube.com/watch?v=VSCjWMajQnc
09-11-2021 10:45:30 |   [ valkyrie : Kaiser's Bot Command Center ] technomancer#3628: $yt VSCjWMajQnc
09-11-2021 10:46:01 |   [ valkyrie : Kaiser's Bot Command Center ] technomancer#3628: $yt https://www.youtube.com/watch?v=VSCjWMajQnc
09-11-2021 10:52:08 |   [ valkyrie : Kaiser's Bot Command Center ] technomancer#3628: $yt https://www.youtube.com/watch?v=VSCjWMajQnc
09-11-2021 10:52:14 |   [ valkyrie : Kaiser's Bot Command Center ] technomancer#3628: $yt https://www.youtube.com/watch?v=VSCjWMajQnc
09-11-2021 10:52:22 |   [ valkyrie : Kaiser's Bot Command Center ] technomancer#3628: $yt https://www.youtube.com/watch?v=VSCjWMajQnc
09-11-2021 10:53:39 |   [ valkyrie : Kaiser's Bot Command Center ] technomancer#3628: $yt https://www.youtube.com/watch?v=VSCjWMajQnc
09-11-2021 10:53:47 |   [ valkyrie : Kaiser's Bot Command Center ] technomancer#3628: $yt https://www.youtube.com/watch?v=VSCjWMajQnc
09-11-2021 10:54:48 |   [ valkyrie : Kaiser's Bot Command Center ] technomancer#3628: $yt https://www.youtube.com/watch?v=VSCjWMajQnc
09-11-2021 10:55:14 |   [ valkyrie : Kaiser's Bot Command Center ] technomancer#3628: $yt https://www.youtube.com/watch?v=VSCjWMajQnc
09-11-2021 10:55:26 |   [ valkyrie : Kaiser's Bot Command Center ] technomancer#3628: $yt https://www.youtube.com/watch?v=VSCjWMajQnc
09-11-2021 10:55:34 |   [ valkyrie : Kaiser's Bot Command Center ] technomancer#3628: !radio royaltrap
09-11-2021 10:55:42 |   [ valkyrie : Kaiser's Bot Command Center ] technomancer#3628: $radio royaltrap
09-11-2021 11:01:50 |   [ valkyrie : Kaiser's Bot Command Center ] technomancer#3628: $radio royaltrap
09-11-2021 11:03:11 |   [ valkyrie : Kaiser's Bot Command Center ] technomancer#3628: $yt https://www.youtube.com/watch?v=VSCjWMajQnc
YouTube
09-11-2021 11:03:20 |   [ valkyrie : Kaiser's Bot Command Center ] technomancer#3628: $yt https://www.youtube.com/watch?v=VSCjWMajQnc
09-11-2021 11:07:30 |   [ valkyrie : Kaiser's Bot Command Center ] technomancer#3628: $yt https://www.youtube.com/watch?v=VSCjWMajQnc
09-11-2021 11:07:36 |   [ valkyrie : Kaiser's Bot Command Center ] technomancer#3628: $yt https://www.youtube.com/watch?v=VSCjWMajQnc
09-11-2021 11:07:47 |   [ valkyrie : Kaiser's Bot Command Center ] technomancer#3628: $yt https://www.youtube.com/watch?v=VSCjWMajQnc
09-11-2021 11:08:12 |   [ valkyrie : Kaiser's Bot Command Center ] technomancer#3628: $radio royaltrap
09-11-2021 11:08:21 |   [ valkyrie : Kaiser's Bot Command Center ] technomancer#3628: $radio royaltrap
09-11-2021 11:15:49 |   [ valkyrie : Kaiser's Bot Command Center ] technomancer#3628: $yt https://www.youtube.com/watch?v=VSCjWMajQnc
09-11-2021 11:17:14 |   [ valkyrie : Kaiser's Bot Command Center ] technomancer#3628: $yt https://www.youtube.com/watch?v=VSCjWMajQnc
09-11-2021 11:17:18 |   [ valkyrie : Kaiser's Bot Command Center ] technomancer#3628: $yt https://www.youtube.com/watch?v=VSCjWMajQnc
09-11-2021 11:17:30 |   [ valkyrie : Kaiser's Bot Command Center ] technomancer#3628: $yt https://www.youtube.com/watch?v=VSCjWMajQnc
09-11-2021 11:17:54 |   [ valkyrie : Kaiser's Bot Command Center ] technomancer#3628: $yt https://www.youtube.com/watch?v=VSCjWMajQnc
09-11-2021 11:18:04 |   [ valkyrie : Kaiser's Bot Command Center ] technomancer#3628: $radio royaltrap
09-11-2021 11:20:07 |   [ valkyrie : Kaiser's Bot Command Center ] technomancer#3628: $radio royaltrap
09-11-2021 11:20:27 |   [ valkyrie : Kaiser's Bot Command Center ] technomancer#3628: $radio royaltrap
09-11-2021 11:28:11 |   [ valkyrie : Kaiser's Bot Command Center ] technomancer#3628: $radio royaltrap
09-11-2021 11:29:10 |   [ bot-spam : Deus Ex Community HQ ] technomancer#3628: $yt https://www.youtube.com/watch?v=VSCjWMajQnc
09-11-2021 11:30:51 |   [ bot-spam : Deus Ex Community HQ ] technomancer#3628: $yt Euthanasia Rollercoaster (feat. KM_EXP)
09-11-2021 11:31:11 |   [ bot-spam : Deus Ex Community HQ ] technomancer#3628: $yt https://www.youtube.com/watch?v=zrphErXWW80
09-11-2021 11:38:04 |   [ valkyrie : Kaiser's Bot Command Center ] technomancer#3628: $yt euthanasia rollercoaster
09-11-2021 11:38:36 |   [ valkyrie : Kaiser's Bot Command Center ] technomancer#3628: $yt euthanasia rollercoaster
09-11-2021 11:38:53 |   [ valkyrie : Kaiser's Bot Command Center ] technomancer#3628: $yt euthanasia rollercoaster
09-11-2021 11:39:16 |   [ valkyrie : Kaiser's Bot Command Center ] technomancer#3628: $yt https://www.youtube.com/watch?v=-JBu-4iMYDs
09-11-2021 11:42:52 |   [ valkyrie : Kaiser's Bot Command Center ] technomancer#3628: $yt euthanasia rollercoaster
09-11-2021 11:43:14 |   [ valkyrie : Kaiser's Bot Command Center ] technomancer#3628: $yt euthanasia rollercoaster
09-11-2021 11:43:36 |   [ valkyrie : Kaiser's Bot Command Center ] technomancer#3628: $yt everhood euthanasia rollercoaster
09-11-2021 11:43:55 |   [ valkyrie : Kaiser's Bot Command Center ] technomancer#3628: $yt https://www.youtube.com/watch?v=QmZsx5Uo7aU
09-11-2021 11:44:24 |   [ valkyrie : Kaiser's Bot Command Center ] technomancer#3628: $yt everhood euthanasia rollercoaster
09-11-2021 11:46:18 |   [ bot-spam : Deus Ex Community HQ ] technomancer#3628: $yt Art of War - Chipzel
09-11-2021 11:47:54 |   [ general : Deus Ex Community HQ ] R18#9919: I LOVE DEUS EX ❤️

Just joined this server to say this.. 
Respect to the series.. 👍🏼🥰
09-11-2021 11:52:07 |   [ bot-spam : Deus Ex Community HQ ] technomancer#3628: !reload mod
09-11-2021 11:53:24 |   [ bot-spam : Deus Ex Community HQ ] technomancer#3628: $radio royaltrap
09-11-2021 11:54:01 |   [ bot-spam : Deus Ex Community HQ ] technomancer#3628: $yt kubbi - cascade
09-11-2021 11:58:36 |   [ bot-spam : Deus Ex Community HQ ] technomancer#3628: $yt kubbi - cascade
09-11-2021 11:59:03 |   [ bot-spam : Deus Ex Community HQ ] technomancer#3628: $yt kubbi - cascade
09-11-2021 11:59:55 |   [ bot-spam : Deus Ex Community HQ ] technomancer#3628: $yt kubbi - cascade
09-11-2021 12:01:25 |   [ bot-spam : Deus Ex Community HQ ] technomancer#3628: $yt kubbi - cascade
09-11-2021 12:01:50 |   [ bot-spam : Deus Ex Community HQ ] technomancer#3628: $yt https://www.youtube.com/watch?v=fZeakk-jFbk
09-11-2021 12:09:49 |   [ bot-spam : Deus Ex Community HQ ] technomancer#3628: $yt kubbi cascade
09-11-2021 12:10:55 |   [ bot-spam : Deus Ex Community HQ ] technomancer#3628: $yt kubbi cascade
09-11-2021 12:14:06 |   [ general : Deus Ex Community HQ ] Joewebaccount#4958: damn
09-11-2021 12:14:08 |   [ general : Deus Ex Community HQ ] Joewebaccount#4958: my boost expired
09-11-2021 12:14:10 |   [ general : Deus Ex Community HQ ] Joewebaccount#4958: godamnit
09-11-2021 12:14:24 |   [ general : Deus Ex Community HQ ] Joewebaccount#4958: my wallent isnt augmented
09-11-2021 12:15:29 |   [ bot-spam : Deus Ex Community HQ ] technomancer#3628: $yt chipzel art of war
09-11-2021 12:18:47 |   [ bot-spam : Deus Ex Community HQ ] technomancer#3628: $stop
09-11-2021 12:24:07 |   [ bot-spam : Deus Ex Community HQ ] technomancer#3628: $yt nf - the search lyrics
09-11-2021 12:24:28 |   [ bot-spam : Deus Ex Community HQ ] technomancer#3628: $yt nf - the search lyrics
09-11-2021 12:28:51 |   [ bot-spam : Deus Ex Community HQ ] technomancer#3628: $yt mgk - hollywood whore
09-11-2021 12:29:39 |   [ bot-spam : Deus Ex Community HQ ] technomancer#3628: $yt devlin rewind
09-11-2021 12:30:34 |   [ bot-spam : Deus Ex Community HQ ] technomancer#3628: $stop
09-11-2021 12:32:14 |   [ bot-spam : Deus Ex Community HQ ] technomancer#3628: $yt mgk - hollywood whore
09-11-2021 12:32:37 |   [ bot-spam : Deus Ex Community HQ ] technomancer#3628: $yt devlin rewind
09-11-2021 12:36:57 |   [ bot-spam : Deus Ex Community HQ ] technomancer#3628: $stop
09-11-2021 13:11:29 |   [ bot-spam : Deus Ex Community HQ ] technomancer#3628: $yt mgk - hollywood whore
09-11-2021 13:11:49 |   [ bot-spam : Deus Ex Community HQ ] technomancer#3628: $stop
09-11-2021 13:12:30 |   [ bot-spam : Deus Ex Community HQ ] technomancer#3628: $yt mgk - hollywood whore
09-11-2021 13:12:44 |   [ bot-spam : Deus Ex Community HQ ] Cozzzy#5028: t!daily
09-11-2021 13:13:05 |   [ bot-spam : Deus Ex Community HQ ] technomancer#3628: $stop
09-11-2021 13:13:07 |   [ bot-spam : Deus Ex Community HQ ] technomancer#3628: $play Shirobon - Born Survivor
09-11-2021 13:13:33 |   [ bot-spam : Deus Ex Community HQ ] technomancer#3628: $yt Shirobon - Born Survivor
09-11-2021 13:15:13 |   [ bot-spam : Deus Ex Community HQ ] technomancer#3628: $stop
09-11-2021 13:24:00 |   [ general : Deus Ex Community HQ ] Literally just me#9109: I'll start a new game and try to keep Faridah Malik alive
09-11-2021 13:46:53 |   [ media-vault : Deus Ex Community HQ ] hugelogan#6875: https://soundcloud.com/the_machinist/hull-breach
09-11-2021 14:05:01 |   [ general : Deus Ex Community HQ ] ChocciCat#1623: Woah
09-11-2021 14:21:34 |   [ matchmaking : Deus Ex Community HQ ] PK3199#3032: !list
09-11-2021 14:39:36 |   [ 💬chat : The Playground ] It's Just Me Man#7038: 
09-11-2021 14:39:40 |   [ 💬chat : The Playground ] It's Just Me Man#7038: Beautimus
09-11-2021 14:41:08 |   [ 💬chat : The Playground ] technomancer#3628: yeah, thats been broken for me since like ever. but steam still hasnt moved away from the genius design model of just not fixing things for years
09-11-2021 14:43:59 |   [ general : Deus Ex Community HQ ] Blaze416#5402: Imagine trying to beat Far Cry 3 on the highest difficulty but you must take each outpost undetected
09-11-2021 14:44:56 |   [ 💩shitposting : The Playground ] It's Just Me Man#7038: https://cdn.discordapp.com/attachments/435210163335462912/886245156079157259/video0.mp4
09-11-2021 14:49:14 |   [ 🔇no-microphone-chat : The Playground ] It's Just Me Man#7038: <@!252486614222110732> child
09-11-2021 14:49:15 |   [ 🔇no-microphone-chat : The Playground ] It's Just Me Man#7038: It is time
09-11-2021 14:49:22 |   [ 🔇no-microphone-chat : The Playground ] L U K E#0468: time for what?
09-11-2021 14:49:32 |   [ 🔇no-microphone-chat : The Playground ] It's Just Me Man#7038: Doomsday
09-11-2021 14:49:49 |   [ 🔇no-microphone-chat : The Playground ] It's Just Me Man#7038: Let me just fuck with sound rq so I can pipe it through my mic
09-11-2021 14:51:36 |   [ 🔇no-microphone-chat : The Playground ] It's Just Me Man#7038: Think that should work
09-11-2021 14:51:37 |   [ 🔇no-microphone-chat : The Playground ] It's Just Me Man#7038: Now
09-11-2021 14:51:39 |   [ 🔇no-microphone-chat : The Playground ] It's Just Me Man#7038: What do I play
09-11-2021 14:52:36 |   [ 🔇no-microphone-chat : The Playground ] It's Just Me Man#7038: <@!252486614222110732> what play
09-11-2021 14:53:01 |   [ 🔇no-microphone-chat : The Playground ] It's Just Me Man#7038: That is
09-11-2021 14:53:03 |   [ 🔇no-microphone-chat : The Playground ] It's Just Me Man#7038: Loud
09-11-2021 14:53:06 |   [ 🔇no-microphone-chat : The Playground ] It's Just Me Man#7038: Very loud
09-11-2021 14:53:09 |   [ 🔇no-microphone-chat : The Playground ] It's Just Me Man#7038: And yes, I have heard so too
09-11-2021 14:53:14 |   [ 🔇no-microphone-chat : The Playground ] It's Just Me Man#7038: Let me just crank down the volume rq
09-11-2021 15:00:02 |   [ 🔇no-microphone-chat : The Playground ] It's Just Me Man#7038: Sound does not seem to be getting put through so gimmie a sec
09-11-2021 15:00:04 |   [ 🔇no-microphone-chat : The Playground ] It's Just Me Man#7038: Or what
09-11-2021 15:00:05 |   [ 🔇no-microphone-chat : The Playground ] It's Just Me Man#7038: It does
09-11-2021 15:00:06 |   [ 🔇no-microphone-chat : The Playground ] It's Just Me Man#7038: hmmmm
09-11-2021 15:00:09 |   [ 🔇no-microphone-chat : The Playground ] It's Just Me Man#7038: Settings must be fucked
09-11-2021 15:00:53 |   [ 🔇no-microphone-chat : The Playground ] It's Just Me Man#7038: There
09-11-2021 15:10:20 |   [ shitposting : Deus Ex Community HQ ] Schipunov#6382: 
09-11-2021 15:21:51 |   [ 🔇no-microphone-chat : The Playground ] It's Just Me Man#7038: Cool
09-11-2021 15:22:19 |   [ 🔇no-microphone-chat : The Playground ] It's Just Me Man#7038: <@!252486614222110732> you want this stuff?
09-11-2021 15:22:32 |   [ 🔇no-microphone-chat : The Playground ] It's Just Me Man#7038: Man discord audio is quiet one sec
09-11-2021 15:22:58 |   [ 🔇no-microphone-chat : The Playground ] It's Just Me Man#7038: Try speaking
09-11-2021 15:24:17 |   [ 🔇no-microphone-chat : The Playground ] It's Just Me Man#7038: <@!252486614222110732>
09-11-2021 15:24:33 |   [ 🔇no-microphone-chat : The Playground ] It's Just Me Man#7038: I will send you the stuff™️
09-11-2021 15:25:56 |   [ modding : Deus Ex Community HQ ] Blade Sword#8197: I haven't yet
09-11-2021 15:26:45 |   [ valkyrie : Kaiser's Bot Command Center ] technomancer#3628: $yt everhood euthanasia rollercoaster
09-11-2021 15:26:56 |   [ 🔇no-microphone-chat : The Playground ] It's Just Me Man#7038: Oh and you can play co-op and stuff online too
09-11-2021 15:27:21 |   [ valkyrie : Kaiser's Bot Command Center ] technomancer#3628: $yt everhood euthanasia rollercoaster
09-11-2021 15:29:41 |   [ valkyrie : Kaiser's Bot Command Center ] technomancer#3628: $yt everhood euthanasia rollercoaster
09-11-2021 15:30:15 |   [ modding : Deus Ex Community HQ ] Markie#2289: yeah i rewrote a lot of weapon code to make it fire like modern gunplay
09-11-2021 15:30:28 |   [ valkyrie : Kaiser's Bot Command Center ] technomancer#3628: $yt everhood euthanasia rollercoaster
09-11-2021 15:30:37 |   [ valkyrie : Kaiser's Bot Command Center ] technomancer#3628: $yt tom macdonald about it
09-11-2021 15:31:20 |   [ valkyrie : Kaiser's Bot Command Center ] technomancer#3628: $skip
09-11-2021 15:32:27 |   [ valkyrie : Kaiser's Bot Command Center ] technomancer#3628: $yt tom macdonald about it
09-11-2021 15:32:37 |   [ valkyrie : Kaiser's Bot Command Center ] technomancer#3628: $yt everhood euthanasia rollercoaster
09-11-2021 15:32:47 |   [ valkyrie : Kaiser's Bot Command Center ] technomancer#3628: $stop
09-11-2021 15:32:52 |   [ valkyrie : Kaiser's Bot Command Center ] technomancer#3628: $yt everhood euthanasia rollercoaster
09-11-2021 15:33:01 |   [ valkyrie : Kaiser's Bot Command Center ] technomancer#3628: $play tom macdonald bout it
09-11-2021 15:33:12 |   [ valkyrie : Kaiser's Bot Command Center ] technomancer#3628: $skip
09-11-2021 15:34:53 |   [ valkyrie : Kaiser's Bot Command Center ] technomancer#3628: $play kubbi cascade
09-11-2021 15:35:12 |   [ valkyrie : Kaiser's Bot Command Center ] technomancer#3628: $play macdonald bout it
09-11-2021 15:35:22 |   [ valkyrie : Kaiser's Bot Command Center ] technomancer#3628: $skip
09-11-2021 15:35:34 |   [ general : Deus Ex Community HQ ] ChocciCat#1623: Bruh
09-11-2021 15:37:32 |   [ valkyrie : Kaiser's Bot Command Center ] technomancer#3628: $play https://www.youtube.com/watch?v=pjr8W21epqA
09-11-2021 15:40:17 |   [ valkyrie : Kaiser's Bot Command Center ] technomancer#3628: $play https://www.youtube.com/watch?v=pjr8W21epqA
09-11-2021 15:41:50 |   [ valkyrie : Kaiser's Bot Command Center ] technomancer#3628: $play https://www.youtube.com/watch?v=pjr8W21epqA
09-11-2021 15:42:18 |   [ valkyrie : Kaiser's Bot Command Center ] technomancer#3628: $play https://www.youtube.com/watch?v=pjr8W21epqA
09-11-2021 15:42:41 |   [ valkyrie : Kaiser's Bot Command Center ] technomancer#3628: $play https://www.youtube.com/watch?v=pjr8W21epqA
09-11-2021 15:44:19 |   [ valkyrie : Kaiser's Bot Command Center ] technomancer#3628: $play https://www.youtube.com/watch?v=pjr8W21epqA
09-11-2021 15:44:51 |   [ shitposting : Deus Ex Community HQ ] !𝑀𝓇𝓅𝑜𝓀𝑒!#5799: https://cdn.discordapp.com/attachments/618483323924119563/885139862271971328/241476538_4055644654545229_8107682157537091645_n.mp4
09-11-2021 15:46:58 |   [ valkyrie : Kaiser's Bot Command Center ] technomancer#3628: $play https://www.youtube.com/watch?v=pjr8W21epqA
09-11-2021 15:48:03 |   [ valkyrie : Kaiser's Bot Command Center ] technomancer#3628: $play https://www.youtube.com/watch?v=pjr8W21epqA
09-11-2021 15:48:19 |   [ valkyrie : Kaiser's Bot Command Center ] technomancer#3628: $play https://www.youtube.com/watch?v=hf4IxNNiqbU
09-11-2021 15:48:31 |   [ valkyrie : Kaiser's Bot Command Center ] technomancer#3628: $skip
09-11-2021 15:55:45 |   [ valkyrie : Kaiser's Bot Command Center ] technomancer#3628: $connect
09-11-2021 15:58:05 |   [ valkyrie : Kaiser's Bot Command Center ] technomancer#3628: $connect
09-11-2021 15:59:55 |   [ general : Deus Ex Community HQ ] Blaze416#5402: I swear it's probably an art to try to do that
09-11-2021 16:08:57 |   [ valkyrie : Kaiser's Bot Command Center ] technomancer#3628: $connect
09-11-2021 16:25:19 |   [ testing-and-stuff : Wrath+ Official ] technomancer#3628: $play art of war - chipzel